Performing system checks...

System check identified no issues (0 silenced).
June 06, 2020 - 02:57:56
Django version 3.0.6, using settings 'server.settings'
Starting development server at http://0:3389/
Quit the server with CONTROL-C.
Performing system checks...

System check identified no issues (0 silenced).
June 06, 2020 - 02:58:14
Django version 3.0.6, using settings 'server.settings'
Starting development server at http://0:3389/
Quit the server with CONTROL-C.
Performing system checks...

System check identified no issues (0 silenced).
June 08, 2020 - 11:28:23
Django version 3.0.6, using settings 'server.settings'
Starting development server at http://0:3389/
Quit the server with CONTROL-C.
Performing system checks...

System check identified no issues (0 silenced).
June 14, 2020 - 20:11:36
Django version 3.0.6, using settings 'server.settings'
Starting development server at http://0:3389/
Quit the server with CONTROL-C.
Performing system checks...

System check identified no issues (0 silenced).
June 14, 2020 - 20:34:00
Django version 3.0.6, using settings 'server.settings'
Starting development server at http://0:3389/
Quit the server with CONTROL-C.
Performing system checks...

System check identified no issues (0 silenced).
June 14, 2020 - 20:37:16
Django version 3.0.6, using settings 'server.settings'
Starting development server at http://0:3389/
Quit the server with CONTROL-C.
Performing system checks...

System check identified no issues (0 silenced).
June 14, 2020 - 20:40:13
Django version 3.0.6, using settings 'server.settings'
Starting development server at http://0:3389/
Quit the server with CONTROL-C.
